mode: set
github.com/louiss0/javascript-package-delegator/cmd/agent.go:20.35,38.55 1 1
github.com/louiss0/javascript-package-delegator/cmd/agent.go:38.55,42.18 2 0
github.com/louiss0/javascript-package-delegator/cmd/agent.go:42.18,44.5 1 0
github.com/louiss0/javascript-package-delegator/cmd/agent.go:47.4,47.16 1 0
github.com/louiss0/javascript-package-delegator/cmd/agent.go:47.16,49.5 1 0
github.com/louiss0/javascript-package-delegator/cmd/agent.go:52.4,54.55 3 0
github.com/louiss0/javascript-package-delegator/cmd/agent.go:54.55,56.5 1 0
github.com/louiss0/javascript-package-delegator/cmd/agent.go:59.4,59.43 1 0
github.com/louiss0/javascript-package-delegator/cmd/agent.go:59.43,61.5 1 0
github.com/louiss0/javascript-package-delegator/cmd/agent.go:64.4,68.49 2 0
github.com/louiss0/javascript-package-delegator/cmd/agent.go:68.49,70.5 1 0
github.com/louiss0/javascript-package-delegator/cmd/agent.go:75.4,78.26 2 0
github.com/louiss0/javascript-package-delegator/cmd/agent.go:83.2,85.12 2 1
github.com/louiss0/javascript-package-delegator/cmd/clean-install.go:40.65,53.55 1 1
github.com/louiss0/javascript-package-delegator/cmd/clean-install.go:53.55,58.55 5 0
github.com/louiss0/javascript-package-delegator/cmd/clean-install.go:58.55,60.5 1 0
github.com/louiss0/javascript-package-delegator/cmd/clean-install.go:63.4,64.14 2 0
github.com/louiss0/javascript-package-delegator/cmd/clean-install.go:65.15,66.29 1 0
github.com/louiss0/javascript-package-delegator/cmd/clean-install.go:68.16,74.59 2 0
github.com/louiss0/javascript-package-delegator/cmd/clean-install.go:74.59,77.6 1 0
github.com/louiss0/javascript-package-delegator/cmd/clean-install.go:77.11,80.6 1 0
github.com/louiss0/javascript-package-delegator/cmd/clean-install.go:82.16,83.55 1 0
github.com/louiss0/javascript-package-delegator/cmd/clean-install.go:85.15,86.55 1 0
github.com/louiss0/javascript-package-delegator/cmd/clean-install.go:88.16,89.59 1 0
github.com/louiss0/javascript-package-delegator/cmd/clean-install.go:91.12,92.61 1 0
github.com/louiss0/javascript-package-delegator/cmd/clean-install.go:95.4,96.18 2 0
github.com/louiss0/javascript-package-delegator/cmd/clean-install.go:96.18,98.5 1 0
github.com/louiss0/javascript-package-delegator/cmd/clean-install.go:104.4,108.40 2 0
github.com/louiss0/javascript-package-delegator/cmd/clean-install.go:108.40,116.44 3 0
github.com/louiss0/javascript-package-delegator/cmd/clean-install.go:116.44,118.6 1 0
github.com/louiss0/javascript-package-delegator/cmd/clean-install.go:119.10,123.44 2 0
github.com/louiss0/javascript-package-delegator/cmd/clean-install.go:123.44,125.6 1 0
github.com/louiss0/javascript-package-delegator/cmd/clean-install.go:128.4,128.26 1 0
github.com/louiss0/javascript-package-delegator/cmd/clean-install.go:132.2,134.12 2 1
github.com/louiss0/javascript-package-delegator/cmd/completion.go:24.39,26.2 1 1
github.com/louiss0/javascript-package-delegator/cmd/completion.go:29.40,64.55 2 1
github.com/louiss0/javascript-package-delegator/cmd/completion.go:64.55,77.22 3 1
github.com/louiss0/javascript-package-delegator/cmd/completion.go:77.22,80.5 1 0
github.com/louiss0/javascript-package-delegator/cmd/completion.go:82.4,87.68 3 1
github.com/louiss0/javascript-package-delegator/cmd/completion.go:87.68,90.5 1 0
github.com/louiss0/javascript-package-delegator/cmd/completion.go:91.4,91.14 1 1
github.com/louiss0/javascript-package-delegator/cmd/completion.go:93.55,108.29 4 1
github.com/louiss0/javascript-package-delegator/cmd/completion.go:108.29,111.12 2 1
github.com/louiss0/javascript-package-delegator/cmd/completion.go:111.12,114.6 1 0
github.com/louiss0/javascript-package-delegator/cmd/completion.go:117.5,117.18 1 1
github.com/louiss0/javascript-package-delegator/cmd/completion.go:117.18,119.6 1 1
github.com/louiss0/javascript-package-delegator/cmd/completion.go:119.11,122.6 1 0
github.com/louiss0/javascript-package-delegator/cmd/completion.go:126.4,127.18 2 1
github.com/louiss0/javascript-package-delegator/cmd/completion.go:127.18,129.5 1 0
github.com/louiss0/javascript-package-delegator/cmd/completion.go:130.4,130.17 1 1
github.com/louiss0/javascript-package-delegator/cmd/completion.go:130.17,130.37 1 1
github.com/louiss0/javascript-package-delegator/cmd/completion.go:131.4,135.18 3 1
github.com/louiss0/javascript-package-delegator/cmd/completion.go:135.18,138.5 1 0
github.com/louiss0/javascript-package-delegator/cmd/completion.go:140.4,141.17 2 1
github.com/louiss0/javascript-package-delegator/cmd/completion.go:142.16,143.65 1 1
github.com/louiss0/javascript-package-delegator/cmd/completion.go:144.15,145.55 1 1
github.com/louiss0/javascript-package-delegator/cmd/completion.go:146.16,147.63 1 1
github.com/louiss0/javascript-package-delegator/cmd/completion.go:148.22,149.70 1 1
github.com/louiss0/javascript-package-delegator/cmd/completion.go:150.19,152.29 2 1
github.com/louiss0/javascript-package-delegator/cmd/completion.go:152.29,154.6 1 0
github.com/louiss0/javascript-package-delegator/cmd/completion.go:155.12,156.123 1 0
github.com/louiss0/javascript-package-delegator/cmd/completion.go:159.4,159.28 1 1
github.com/louiss0/javascript-package-delegator/cmd/completion.go:159.28,161.5 1 0
github.com/louiss0/javascript-package-delegator/cmd/completion.go:164.4,165.14 2 1
github.com/louiss0/javascript-package-delegator/cmd/completion.go:170.2,172.22 2 1
github.com/louiss0/javascript-package-delegator/cmd/dlx.go:39.33,52.55 1 1
github.com/louiss0/javascript-package-delegator/cmd/dlx.go:52.55,56.55 4 0
github.com/louiss0/javascript-package-delegator/cmd/dlx.go:56.55,58.5 1 0
github.com/louiss0/javascript-package-delegator/cmd/dlx.go:60.4,63.43 3 0
github.com/louiss0/javascript-package-delegator/cmd/dlx.go:63.43,65.5 1 0
github.com/louiss0/javascript-package-delegator/cmd/dlx.go:68.4,71.14 3 0
github.com/louiss0/javascript-package-delegator/cmd/dlx.go:72.15,75.46 3 0
github.com/louiss0/javascript-package-delegator/cmd/dlx.go:77.16,83.19 2 0
github.com/louiss0/javascript-package-delegator/cmd/dlx.go:83.19,88.6 3 0
github.com/louiss0/javascript-package-delegator/cmd/dlx.go:88.11,88.52 1 0
github.com/louiss0/javascript-package-delegator/cmd/dlx.go:88.52,93.6 3 0
github.com/louiss0/javascript-package-delegator/cmd/dlx.go:93.11,98.6 3 0
github.com/louiss0/javascript-package-delegator/cmd/dlx.go:100.16,103.46 3 0
github.com/louiss0/javascript-package-delegator/cmd/dlx.go:105.15,108.46 3 0
github.com/louiss0/javascript-package-delegator/cmd/dlx.go:110.16,111.69 1 0
github.com/louiss0/javascript-package-delegator/cmd/dlx.go:113.12,114.61 1 0
github.com/louiss0/javascript-package-delegator/cmd/dlx.go:118.4,121.43 3 0
github.com/louiss0/javascript-package-delegator/cmd/dlx.go:121.43,123.5 1 0
github.com/louiss0/javascript-package-delegator/cmd/dlx.go:125.4,125.26 1 0
github.com/louiss0/javascript-package-delegator/cmd/dlx.go:129.2,129.12 1 1
github.com/louiss0/javascript-package-delegator/cmd/exec.go:39.34,53.55 1 1
github.com/louiss0/javascript-package-delegator/cmd/exec.go:53.55,57.55 4 0
github.com/louiss0/javascript-package-delegator/cmd/exec.go:57.55,59.5 1 0
github.com/louiss0/javascript-package-delegator/cmd/exec.go:61.4,64.43 3 0
github.com/louiss0/javascript-package-delegator/cmd/exec.go:64.43,66.5 1 0
github.com/louiss0/javascript-package-delegator/cmd/exec.go:69.4,72.14 3 0
github.com/louiss0/javascript-package-delegator/cmd/exec.go:73.15,76.46 3 0
github.com/louiss0/javascript-package-delegator/cmd/exec.go:78.16,84.19 2 0
github.com/louiss0/javascript-package-delegator/cmd/exec.go:84.19,89.6 3 0
github.com/louiss0/javascript-package-delegator/cmd/exec.go:89.11,89.52 1 0
github.com/louiss0/javascript-package-delegator/cmd/exec.go:89.52,94.6 3 0
github.com/louiss0/javascript-package-delegator/cmd/exec.go:94.11,99.6 3 0
github.com/louiss0/javascript-package-delegator/cmd/exec.go:101.16,104.46 3 0
github.com/louiss0/javascript-package-delegator/cmd/exec.go:106.15,109.46 3 0
github.com/louiss0/javascript-package-delegator/cmd/exec.go:111.16,112.69 1 0
github.com/louiss0/javascript-package-delegator/cmd/exec.go:114.12,115.61 1 0
github.com/louiss0/javascript-package-delegator/cmd/exec.go:119.4,122.43 3 0
github.com/louiss0/javascript-package-delegator/cmd/exec.go:122.43,124.5 1 0
github.com/louiss0/javascript-package-delegator/cmd/exec.go:126.4,126.26 1 0
github.com/louiss0/javascript-package-delegator/cmd/exec.go:130.2,130.12 1 1
github.com/louiss0/javascript-package-delegator/cmd/install.go:59.82,66.75 1 0
github.com/louiss0/javascript-package-delegator/cmd/install.go:66.75,74.7 1 0
github.com/louiss0/javascript-package-delegator/cmd/install.go:79.49,81.2 1 0
github.com/louiss0/javascript-package-delegator/cmd/install.go:83.44,85.2 1 0
github.com/louiss0/javascript-package-delegator/cmd/install.go:91.130,108.55 2 1
github.com/louiss0/javascript-package-delegator/cmd/install.go:108.55,116.4 1 0
github.com/louiss0/javascript-package-delegator/cmd/install.go:117.55,122.55 5 0
github.com/louiss0/javascript-package-delegator/cmd/install.go:122.55,124.5 1 0
github.com/louiss0/javascript-package-delegator/cmd/install.go:127.4,130.33 3 0
github.com/louiss0/javascript-package-delegator/cmd/install.go:130.33,135.19 3 0
github.com/louiss0/javascript-package-delegator/cmd/install.go:135.19,137.6 1 0
github.com/louiss0/javascript-package-delegator/cmd/install.go:139.5,139.30 1 0
github.com/louiss0/javascript-package-delegator/cmd/install.go:139.30,141.6 1 0
github.com/louiss0/javascript-package-delegator/cmd/install.go:143.5,145.52 2 0
github.com/louiss0/javascript-package-delegator/cmd/install.go:145.52,147.6 1 0
github.com/louiss0/javascript-package-delegator/cmd/install.go:149.5,149.51 1 0
github.com/louiss0/javascript-package-delegator/cmd/install.go:153.4,153.14 1 0
github.com/louiss0/javascript-package-delegator/cmd/install.go:154.15,155.23 1 0
github.com/louiss0/javascript-package-delegator/cmd/install.go:155.23,157.6 1 0
github.com/louiss0/javascript-package-delegator/cmd/install.go:157.11,162.6 1 0
github.com/louiss0/javascript-package-delegator/cmd/install.go:163.5,163.50 1 0
github.com/louiss0/javascript-package-delegator/cmd/install.go:163.50,165.6 1 0
github.com/louiss0/javascript-package-delegator/cmd/install.go:166.5,166.59 1 0
github.com/louiss0/javascript-package-delegator/cmd/install.go:166.59,168.6 1 0
github.com/louiss0/javascript-package-delegator/cmd/install.go:169.5,169.71 1 0
github.com/louiss0/javascript-package-delegator/cmd/install.go:169.71,171.6 1 0
github.com/louiss0/javascript-package-delegator/cmd/install.go:172.5,172.59 1 0
github.com/louiss0/javascript-package-delegator/cmd/install.go:172.59,174.6 1 0
github.com/louiss0/javascript-package-delegator/cmd/install.go:176.16,177.23 1 0
github.com/louiss0/javascript-package-delegator/cmd/install.go:177.23,179.6 1 0
github.com/louiss0/javascript-package-delegator/cmd/install.go:179.11,184.6 1 0
github.com/louiss0/javascript-package-delegator/cmd/install.go:185.5,185.50 1 0
github.com/louiss0/javascript-package-delegator/cmd/install.go:185.50,187.6 1 0
github.com/louiss0/javascript-package-delegator/cmd/install.go:188.5,188.59 1 0
github.com/louiss0/javascript-package-delegator/cmd/install.go:188.59,190.6 1 0
github.com/louiss0/javascript-package-delegator/cmd/install.go:191.5,191.71 1 0
github.com/louiss0/javascript-package-delegator/cmd/install.go:191.71,193.6 1 0
github.com/louiss0/javascript-package-delegator/cmd/install.go:194.5,194.59 1 0
github.com/louiss0/javascript-package-delegator/cmd/install.go:194.59,196.6 1 0
github.com/louiss0/javascript-package-delegator/cmd/install.go:198.16,199.23 1 0
github.com/louiss0/javascript-package-delegator/cmd/install.go:199.23,201.6 1 0
github.com/louiss0/javascript-package-delegator/cmd/install.go:201.11,207.6 1 0
github.com/louiss0/javascript-package-delegator/cmd/install.go:208.5,208.50 1 0
github.com/louiss0/javascript-package-delegator/cmd/install.go:208.50,210.6 1 0
github.com/louiss0/javascript-package-delegator/cmd/install.go:211.5,211.59 1 0
github.com/louiss0/javascript-package-delegator/cmd/install.go:211.59,213.6 1 0
github.com/louiss0/javascript-package-delegator/cmd/install.go:214.5,214.71 1 0
github.com/louiss0/javascript-package-delegator/cmd/install.go:214.71,216.6 1 0
github.com/louiss0/javascript-package-delegator/cmd/install.go:217.5,217.59 1 0
github.com/louiss0/javascript-package-delegator/cmd/install.go:217.59,219.6 1 0
github.com/louiss0/javascript-package-delegator/cmd/install.go:221.15,222.23 1 0
github.com/louiss0/javascript-package-delegator/cmd/install.go:222.23,224.6 1 0
github.com/louiss0/javascript-package-delegator/cmd/install.go:224.11,229.6 1 0
github.com/louiss0/javascript-package-delegator/cmd/install.go:230.5,230.50 1 0
github.com/louiss0/javascript-package-delegator/cmd/install.go:230.50,232.6 1 0
github.com/louiss0/javascript-package-delegator/cmd/install.go:233.5,233.59 1 0
github.com/louiss0/javascript-package-delegator/cmd/install.go:233.59,235.6 1 0
github.com/louiss0/javascript-package-delegator/cmd/install.go:236.5,236.71 1 0
github.com/louiss0/javascript-package-delegator/cmd/install.go:236.71,238.6 1 0
github.com/louiss0/javascript-package-delegator/cmd/install.go:240.16,242.23 1 0
github.com/louiss0/javascript-package-delegator/cmd/install.go:242.23,244.6 1 0
github.com/louiss0/javascript-package-delegator/cmd/install.go:246.5,246.71 1 0
github.com/louiss0/javascript-package-delegator/cmd/install.go:246.71,248.6 1 0
github.com/louiss0/javascript-package-delegator/cmd/install.go:250.5,250.59 1 0
github.com/louiss0/javascript-package-delegator/cmd/install.go:250.59,253.11 2 0
github.com/louiss0/javascript-package-delegator/cmd/install.go:256.5,258.50 2 0
github.com/louiss0/javascript-package-delegator/cmd/install.go:258.50,260.6 1 0
github.com/louiss0/javascript-package-delegator/cmd/install.go:262.12,263.61 1 0
github.com/louiss0/javascript-package-delegator/cmd/install.go:266.4,267.18 2 0
github.com/louiss0/javascript-package-delegator/cmd/install.go:267.18,269.5 1 0
github.com/louiss0/javascript-package-delegator/cmd/install.go:275.4,279.40 2 0
github.com/louiss0/javascript-package-delegator/cmd/install.go:279.40,288.44 3 0
github.com/louiss0/javascript-package-delegator/cmd/install.go:288.44,290.6 1 0
github.com/louiss0/javascript-package-delegator/cmd/install.go:291.10,295.44 2 0
github.com/louiss0/javascript-package-delegator/cmd/install.go:295.44,297.6 1 0
github.com/louiss0/javascript-package-delegator/cmd/install.go:301.4,301.26 1 0
github.com/louiss0/javascript-package-delegator/cmd/install.go:305.2,312.12 7 1
github.com/louiss0/javascript-package-delegator/cmd/root.go:90.71,94.2 1 0
github.com/louiss0/javascript-package-delegator/cmd/root.go:96.62,103.23 5 0
github.com/louiss0/javascript-package-delegator/cmd/root.go:103.23,105.3 1 0
github.com/louiss0/javascript-package-delegator/cmd/root.go:108.56,110.16 2 0
github.com/louiss0/javascript-package-delegator/cmd/root.go:110.16,112.3 1 0
github.com/louiss0/javascript-package-delegator/cmd/root.go:115.2,115.23 1 0
github.com/louiss0/javascript-package-delegator/cmd/root.go:115.23,117.3 1 0
github.com/louiss0/javascript-package-delegator/cmd/root.go:120.2,123.18 2 0
github.com/louiss0/javascript-package-delegator/cmd/root.go:123.18,125.3 1 0
github.com/louiss0/javascript-package-delegator/cmd/root.go:126.2,126.12 1 0
github.com/louiss0/javascript-package-delegator/cmd/root.go:129.37,130.18 1 0
github.com/louiss0/javascript-package-delegator/cmd/root.go:130.18,132.3 1 0
github.com/louiss0/javascript-package-delegator/cmd/root.go:133.2,133.20 1 0
github.com/louiss0/javascript-package-delegator/cmd/root.go:182.56,196.34 1 0
github.com/louiss0/javascript-package-delegator/cmd/root.go:196.34,199.21 2 0
github.com/louiss0/javascript-package-delegator/cmd/root.go:199.21,201.6 1 0
github.com/louiss0/javascript-package-delegator/cmd/root.go:203.5,203.93 1 0
github.com/louiss0/javascript-package-delegator/cmd/root.go:203.93,205.6 1 0
github.com/louiss0/javascript-package-delegator/cmd/root.go:207.5,207.14 1 0
github.com/louiss0/javascript-package-delegator/cmd/root.go:207.14,209.6 1 0
github.com/louiss0/javascript-package-delegator/cmd/root.go:211.5,211.96 1 0
github.com/louiss0/javascript-package-delegator/cmd/root.go:221.40,223.2 1 0
github.com/louiss0/javascript-package-delegator/cmd/root.go:225.38,227.2 1 0
github.com/louiss0/javascript-package-delegator/cmd/root.go:238.53,240.2 1 0
github.com/louiss0/javascript-package-delegator/cmd/root.go:242.56,243.17 1 0
github.com/louiss0/javascript-package-delegator/cmd/root.go:243.17,245.3 1 0
github.com/louiss0/javascript-package-delegator/cmd/root.go:248.89,249.17 1 0
github.com/louiss0/javascript-package-delegator/cmd/root.go:249.17,251.3 1 0
github.com/louiss0/javascript-package-delegator/cmd/root.go:255.51,281.66 2 1
github.com/louiss0/javascript-package-delegator/cmd/root.go:281.66,285.41 2 0
github.com/louiss0/javascript-package-delegator/cmd/root.go:285.41,287.5 1 0
github.com/louiss0/javascript-package-delegator/cmd/root.go:289.4,296.42 4 0
github.com/louiss0/javascript-package-delegator/cmd/root.go:296.42,299.19 2 0
github.com/louiss0/javascript-package-delegator/cmd/root.go:299.19,301.6 1 0
github.com/louiss0/javascript-package-delegator/cmd/root.go:305.4,306.18 2 0
github.com/louiss0/javascript-package-delegator/cmd/root.go:306.18,308.5 1 0
github.com/louiss0/javascript-package-delegator/cmd/root.go:310.4,310.13 1 0
github.com/louiss0/javascript-package-delegator/cmd/root.go:310.13,312.5 1 0
github.com/louiss0/javascript-package-delegator/cmd/root.go:314.4,321.36 2 0
github.com/louiss0/javascript-package-delegator/cmd/root.go:321.36,327.5 1 0
github.com/louiss0/javascript-package-delegator/cmd/root.go:329.4,331.18 3 0
github.com/louiss0/javascript-package-delegator/cmd/root.go:331.18,333.5 1 0
github.com/louiss0/javascript-package-delegator/cmd/root.go:335.4,335.19 1 0
github.com/louiss0/javascript-package-delegator/cmd/root.go:335.19,344.5 4 0
github.com/louiss0/javascript-package-delegator/cmd/root.go:346.4,348.10 2 0
github.com/louiss0/javascript-package-delegator/cmd/root.go:348.10,350.66 1 0
github.com/louiss0/javascript-package-delegator/cmd/root.go:350.66,356.6 1 0
github.com/louiss0/javascript-package-delegator/cmd/root.go:358.5,358.44 1 0
github.com/louiss0/javascript-package-delegator/cmd/root.go:358.44,360.6 1 0
github.com/louiss0/javascript-package-delegator/cmd/root.go:362.5,368.15 4 0
github.com/louiss0/javascript-package-delegator/cmd/root.go:372.4,373.18 2 0
github.com/louiss0/javascript-package-delegator/cmd/root.go:373.18,376.19 2 0
github.com/louiss0/javascript-package-delegator/cmd/root.go:376.19,382.48 3 0
github.com/louiss0/javascript-package-delegator/cmd/root.go:382.48,384.7 1 0
github.com/louiss0/javascript-package-delegator/cmd/root.go:386.6,386.45 1 0
github.com/louiss0/javascript-package-delegator/cmd/root.go:386.45,388.7 1 0
github.com/louiss0/javascript-package-delegator/cmd/root.go:389.6,394.48 4 0
github.com/louiss0/javascript-package-delegator/cmd/root.go:394.48,396.7 1 0
github.com/louiss0/javascript-package-delegator/cmd/root.go:397.6,397.16 1 0
github.com/louiss0/javascript-package-delegator/cmd/root.go:399.5,402.15 4 0
github.com/louiss0/javascript-package-delegator/cmd/root.go:405.4,409.18 3 0
github.com/louiss0/javascript-package-delegator/cmd/root.go:409.18,411.51 1 0
github.com/louiss0/javascript-package-delegator/cmd/root.go:411.51,414.45 1 0
github.com/louiss0/javascript-package-delegator/cmd/root.go:414.45,417.7 2 0
github.com/louiss0/javascript-package-delegator/cmd/root.go:420.6,421.20 2 0
github.com/louiss0/javascript-package-delegator/cmd/root.go:421.20,423.46 1 0
github.com/louiss0/javascript-package-delegator/cmd/root.go:423.46,425.8 1 0
github.com/louiss0/javascript-package-delegator/cmd/root.go:426.7,428.17 3 0
github.com/louiss0/javascript-package-delegator/cmd/root.go:432.6,432.45 1 0
github.com/louiss0/javascript-package-delegator/cmd/root.go:432.45,435.7 2 0
github.com/louiss0/javascript-package-delegator/cmd/root.go:437.6,439.48 2 0
github.com/louiss0/javascript-package-delegator/cmd/root.go:439.48,441.7 1 0
github.com/louiss0/javascript-package-delegator/cmd/root.go:443.6,443.45 1 0
github.com/louiss0/javascript-package-delegator/cmd/root.go:443.45,445.7 1 0
github.com/louiss0/javascript-package-delegator/cmd/root.go:447.6,452.48 4 0
github.com/louiss0/javascript-package-delegator/cmd/root.go:452.48,454.7 1 0
github.com/louiss0/javascript-package-delegator/cmd/root.go:456.6,456.16 1 0
github.com/louiss0/javascript-package-delegator/cmd/root.go:460.5,460.15 1 0
github.com/louiss0/javascript-package-delegator/cmd/root.go:463.4,467.14 4 0
github.com/louiss0/javascript-package-delegator/cmd/root.go:472.2,493.12 14 1
github.com/louiss0/javascript-package-delegator/cmd/root.go:499.13,503.46 1 1
github.com/louiss0/javascript-package-delegator/cmd/root.go:503.46,505.5 1 0
github.com/louiss0/javascript-package-delegator/cmd/root.go:506.110,508.5 1 0
github.com/louiss0/javascript-package-delegator/cmd/root.go:511.29,513.5 1 0
github.com/louiss0/javascript-package-delegator/cmd/root.go:514.58,516.5 1 0
github.com/louiss0/javascript-package-delegator/cmd/root.go:517.51,519.5 1 0
github.com/louiss0/javascript-package-delegator/cmd/root.go:530.16,532.16 2 0
github.com/louiss0/javascript-package-delegator/cmd/root.go:532.16,534.3 1 0
github.com/louiss0/javascript-package-delegator/cmd/root.go:540.75,542.2 1 0
github.com/louiss0/javascript-package-delegator/cmd/root.go:544.75,546.2 1 0
github.com/louiss0/javascript-package-delegator/cmd/root.go:548.96,550.2 1 0
github.com/louiss0/javascript-package-delegator/cmd/root.go:552.63,555.2 2 0
github.com/louiss0/javascript-package-delegator/cmd/run.go:46.57,53.2 1 0
github.com/louiss0/javascript-package-delegator/cmd/run.go:55.40,57.2 1 0
github.com/louiss0/javascript-package-delegator/cmd/run.go:59.37,61.2 1 0
github.com/louiss0/javascript-package-delegator/cmd/run.go:63.88,76.55 1 1
github.com/louiss0/javascript-package-delegator/cmd/run.go:76.55,81.55 4 0
github.com/louiss0/javascript-package-delegator/cmd/run.go:81.55,83.5 1 0
github.com/louiss0/javascript-package-delegator/cmd/run.go:87.4,89.20 2 0
github.com/louiss0/javascript-package-delegator/cmd/run.go:89.20,90.23 1 0
github.com/louiss0/javascript-package-delegator/cmd/run.go:90.23,92.20 2 0
github.com/louiss0/javascript-package-delegator/cmd/run.go:92.20,94.7 1 0
github.com/louiss0/javascript-package-delegator/cmd/run.go:96.6,96.29 1 0
github.com/louiss0/javascript-package-delegator/cmd/run.go:96.29,98.7 1 0
github.com/louiss0/javascript-package-delegator/cmd/run.go:100.6,100.35 1 0
github.com/louiss0/javascript-package-delegator/cmd/run.go:100.35,106.7 1 0
github.com/louiss0/javascript-package-delegator/cmd/run.go:108.6,110.49 2 0
github.com/louiss0/javascript-package-delegator/cmd/run.go:110.49,112.7 1 0
github.com/louiss0/javascript-package-delegator/cmd/run.go:114.6,114.46 1 0
github.com/louiss0/javascript-package-delegator/cmd/run.go:116.10,117.23 1 0
github.com/louiss0/javascript-package-delegator/cmd/run.go:117.23,119.20 2 0
github.com/louiss0/javascript-package-delegator/cmd/run.go:119.20,121.7 1 0
github.com/louiss0/javascript-package-delegator/cmd/run.go:123.6,123.31 1 0
github.com/louiss0/javascript-package-delegator/cmd/run.go:123.31,125.7 1 0
github.com/louiss0/javascript-package-delegator/cmd/run.go:127.6,127.35 1 0
github.com/louiss0/javascript-package-delegator/cmd/run.go:127.35,133.7 1 0
github.com/louiss0/javascript-package-delegator/cmd/run.go:135.6,137.49 2 0
github.com/louiss0/javascript-package-delegator/cmd/run.go:137.49,139.7 1 0
github.com/louiss0/javascript-package-delegator/cmd/run.go:141.6,141.46 1 0
github.com/louiss0/javascript-package-delegator/cmd/run.go:146.4,148.19 1 0
github.com/louiss0/javascript-package-delegator/cmd/run.go:148.19,150.6 1 0
github.com/louiss0/javascript-package-delegator/cmd/run.go:151.19,153.6 1 0
github.com/louiss0/javascript-package-delegator/cmd/run.go:156.4,158.21 2 0
github.com/louiss0/javascript-package-delegator/cmd/run.go:158.21,160.5 1 0
github.com/louiss0/javascript-package-delegator/cmd/run.go:163.4,164.17 2 0
github.com/louiss0/javascript-package-delegator/cmd/run.go:164.17,166.19 2 0
github.com/louiss0/javascript-package-delegator/cmd/run.go:166.19,168.6 1 0
github.com/louiss0/javascript-package-delegator/cmd/run.go:169.5,169.54 1 0
github.com/louiss0/javascript-package-delegator/cmd/run.go:169.54,170.45 1 0
github.com/louiss0/javascript-package-delegator/cmd/run.go:170.45,172.7 1 0
github.com/louiss0/javascript-package-delegator/cmd/run.go:173.6,173.16 1 0
github.com/louiss0/javascript-package-delegator/cmd/run.go:177.4,177.43 1 0
github.com/louiss0/javascript-package-delegator/cmd/run.go:177.43,179.5 1 0
github.com/louiss0/javascript-package-delegator/cmd/run.go:181.4,182.14 2 0
github.com/louiss0/javascript-package-delegator/cmd/run.go:183.15,185.28 2 0
github.com/louiss0/javascript-package-delegator/cmd/run.go:185.28,188.6 2 0
github.com/louiss0/javascript-package-delegator/cmd/run.go:189.5,189.18 1 0
github.com/louiss0/javascript-package-delegator/cmd/run.go:189.18,191.6 1 0
github.com/louiss0/javascript-package-delegator/cmd/run.go:193.16,195.45 2 0
github.com/louiss0/javascript-package-delegator/cmd/run.go:197.16,199.28 2 0
github.com/louiss0/javascript-package-delegator/cmd/run.go:199.28,202.6 2 0
github.com/louiss0/javascript-package-delegator/cmd/run.go:203.5,203.18 1 0
github.com/louiss0/javascript-package-delegator/cmd/run.go:203.18,205.6 1 0
github.com/louiss0/javascript-package-delegator/cmd/run.go:207.15,209.45 2 0
github.com/louiss0/javascript-package-delegator/cmd/run.go:211.16,214.42 2 0
github.com/louiss0/javascript-package-delegator/cmd/run.go:214.42,216.6 1 0
github.com/louiss0/javascript-package-delegator/cmd/run.go:218.5,218.45 1 0
github.com/louiss0/javascript-package-delegator/cmd/run.go:220.12,221.61 1 0
github.com/louiss0/javascript-package-delegator/cmd/run.go:225.4,228.43 3 0
github.com/louiss0/javascript-package-delegator/cmd/run.go:228.43,230.5 1 0
github.com/louiss0/javascript-package-delegator/cmd/run.go:232.4,232.26 1 0
github.com/louiss0/javascript-package-delegator/cmd/run.go:237.2,239.12 2 1
github.com/louiss0/javascript-package-delegator/cmd/run.go:246.72,248.16 2 0
github.com/louiss0/javascript-package-delegator/cmd/run.go:248.16,250.3 1 0
github.com/louiss0/javascript-package-delegator/cmd/run.go:252.2,254.16 3 0
github.com/louiss0/javascript-package-delegator/cmd/run.go:254.16,256.3 1 0
github.com/louiss0/javascript-package-delegator/cmd/run.go:258.2,259.51 2 0
github.com/louiss0/javascript-package-delegator/cmd/run.go:259.51,261.3 1 0
github.com/louiss0/javascript-package-delegator/cmd/run.go:263.2,263.18 1 0
github.com/louiss0/javascript-package-delegator/cmd/run.go:270.40,272.16 2 0
github.com/louiss0/javascript-package-delegator/cmd/run.go:272.16,274.3 1 0
github.com/louiss0/javascript-package-delegator/cmd/run.go:276.2,278.16 3 0
github.com/louiss0/javascript-package-delegator/cmd/run.go:278.16,280.3 1 0
github.com/louiss0/javascript-package-delegator/cmd/run.go:282.2,283.51 2 0
github.com/louiss0/javascript-package-delegator/cmd/run.go:283.51,285.3 1 0
github.com/louiss0/javascript-package-delegator/cmd/run.go:287.2,287.18 1 0
github.com/louiss0/javascript-package-delegator/cmd/uninstall.go:24.74,31.2 1 0
github.com/louiss0/javascript-package-delegator/cmd/uninstall.go:33.52,35.2 1 0
github.com/louiss0/javascript-package-delegator/cmd/uninstall.go:37.46,39.2 1 0
github.com/louiss0/javascript-package-delegator/cmd/uninstall.go:41.71,48.16 3 0
github.com/louiss0/javascript-package-delegator/cmd/uninstall.go:48.16,50.3 1 0
github.com/louiss0/javascript-package-delegator/cmd/uninstall.go:52.2,54.16 3 0
github.com/louiss0/javascript-package-delegator/cmd/uninstall.go:54.16,56.3 1 0
github.com/louiss0/javascript-package-delegator/cmd/uninstall.go:58.2,60.51 2 0
github.com/louiss0/javascript-package-delegator/cmd/uninstall.go:60.51,62.3 1 0
github.com/louiss0/javascript-package-delegator/cmd/uninstall.go:64.2,66.57 1 0
github.com/louiss0/javascript-package-delegator/cmd/uninstall.go:66.57,68.4 1 0
github.com/louiss0/javascript-package-delegator/cmd/uninstall.go:71.2,71.42 1 0
github.com/louiss0/javascript-package-delegator/cmd/uninstall.go:74.53,80.16 3 0
github.com/louiss0/javascript-package-delegator/cmd/uninstall.go:80.16,82.3 1 0
github.com/louiss0/javascript-package-delegator/cmd/uninstall.go:84.2,86.16 3 0
github.com/louiss0/javascript-package-delegator/cmd/uninstall.go:86.16,88.3 1 0
github.com/louiss0/javascript-package-delegator/cmd/uninstall.go:90.2,92.51 2 0
github.com/louiss0/javascript-package-delegator/cmd/uninstall.go:92.51,94.3 1 0
github.com/louiss0/javascript-package-delegator/cmd/uninstall.go:96.2,98.26 2 0
github.com/louiss0/javascript-package-delegator/cmd/uninstall.go:103.111,115.55 1 1
github.com/louiss0/javascript-package-delegator/cmd/uninstall.go:115.55,117.18 2 0
github.com/louiss0/javascript-package-delegator/cmd/uninstall.go:117.18,119.5 1 0
github.com/louiss0/javascript-package-delegator/cmd/uninstall.go:121.4,125.5 1 0
github.com/louiss0/javascript-package-delegator/cmd/uninstall.go:127.55,132.55 4 0
github.com/louiss0/javascript-package-delegator/cmd/uninstall.go:132.55,134.5 1 0
github.com/louiss0/javascript-package-delegator/cmd/uninstall.go:136.4,136.43 1 0
github.com/louiss0/javascript-package-delegator/cmd/uninstall.go:136.43,138.5 1 0
github.com/louiss0/javascript-package-delegator/cmd/uninstall.go:141.4,144.18 3 0
github.com/louiss0/javascript-package-delegator/cmd/uninstall.go:144.18,146.5 1 0
github.com/louiss0/javascript-package-delegator/cmd/uninstall.go:148.4,150.19 2 0
github.com/louiss0/javascript-package-delegator/cmd/uninstall.go:150.19,159.22 3 0
github.com/louiss0/javascript-package-delegator/cmd/uninstall.go:159.22,162.20 2 0
github.com/louiss0/javascript-package-delegator/cmd/uninstall.go:162.20,164.7 1 0
github.com/louiss0/javascript-package-delegator/cmd/uninstall.go:165.11,168.20 2 0
github.com/louiss0/javascript-package-delegator/cmd/uninstall.go:168.20,170.7 1 0
github.com/louiss0/javascript-package-delegator/cmd/uninstall.go:173.5,173.31 1 0
github.com/louiss0/javascript-package-delegator/cmd/uninstall.go:173.31,175.6 1 0
github.com/louiss0/javascript-package-delegator/cmd/uninstall.go:177.5,179.58 2 0
github.com/louiss0/javascript-package-delegator/cmd/uninstall.go:179.58,181.6 1 0
github.com/louiss0/javascript-package-delegator/cmd/uninstall.go:183.5,183.53 1 0
github.com/louiss0/javascript-package-delegator/cmd/uninstall.go:188.4,189.14 2 0
github.com/louiss0/javascript-package-delegator/cmd/uninstall.go:190.20,194.15 3 0
github.com/louiss0/javascript-package-delegator/cmd/uninstall.go:194.15,196.6 1 0
github.com/louiss0/javascript-package-delegator/cmd/uninstall.go:198.21,202.15 3 0
github.com/louiss0/javascript-package-delegator/cmd/uninstall.go:202.15,204.6 1 0
github.com/louiss0/javascript-package-delegator/cmd/uninstall.go:206.21,210.15 3 0
github.com/louiss0/javascript-package-delegator/cmd/uninstall.go:210.15,212.6 1 0
github.com/louiss0/javascript-package-delegator/cmd/uninstall.go:214.20,218.15 3 0
github.com/louiss0/javascript-package-delegator/cmd/uninstall.go:218.15,220.6 1 0
github.com/louiss0/javascript-package-delegator/cmd/uninstall.go:222.21,223.15 1 0
github.com/louiss0/javascript-package-delegator/cmd/uninstall.go:223.15,225.6 1 0
github.com/louiss0/javascript-package-delegator/cmd/uninstall.go:225.11,227.6 1 0
github.com/louiss0/javascript-package-delegator/cmd/uninstall.go:228.5,228.70 1 0
github.com/louiss0/javascript-package-delegator/cmd/uninstall.go:230.12,231.61 1 0
github.com/louiss0/javascript-package-delegator/cmd/uninstall.go:235.4,237.43 3 0
github.com/louiss0/javascript-package-delegator/cmd/uninstall.go:237.43,239.5 1 0
github.com/louiss0/javascript-package-delegator/cmd/uninstall.go:241.4,241.26 1 0
github.com/louiss0/javascript-package-delegator/cmd/uninstall.go:246.2,251.12 4 1
github.com/louiss0/javascript-package-delegator/cmd/update.go:12.36,25.55 1 1
github.com/louiss0/javascript-package-delegator/cmd/update.go:25.55,30.55 4 0
github.com/louiss0/javascript-package-delegator/cmd/update.go:30.55,32.5 1 0
github.com/louiss0/javascript-package-delegator/cmd/update.go:34.4,34.43 1 0
github.com/louiss0/javascript-package-delegator/cmd/update.go:34.43,36.5 1 0
github.com/louiss0/javascript-package-delegator/cmd/update.go:39.4,45.14 5 0
github.com/louiss0/javascript-package-delegator/cmd/update.go:46.15,47.20 1 0
github.com/louiss0/javascript-package-delegator/cmd/update.go:47.20,49.6 1 0
github.com/louiss0/javascript-package-delegator/cmd/update.go:50.5,50.23 1 0
github.com/louiss0/javascript-package-delegator/cmd/update.go:50.23,52.6 1 0
github.com/louiss0/javascript-package-delegator/cmd/update.go:52.11,55.6 2 0
github.com/louiss0/javascript-package-delegator/cmd/update.go:56.5,56.15 1 0
github.com/louiss0/javascript-package-delegator/cmd/update.go:56.15,58.6 1 0
github.com/louiss0/javascript-package-delegator/cmd/update.go:59.5,59.15 1 0
github.com/louiss0/javascript-package-delegator/cmd/update.go:59.15,61.23 1 0
github.com/louiss0/javascript-package-delegator/cmd/update.go:61.23,63.32 2 0
github.com/louiss0/javascript-package-delegator/cmd/update.go:63.32,65.8 1 0
github.com/louiss0/javascript-package-delegator/cmd/update.go:66.7,66.17 1 0
github.com/louiss0/javascript-package-delegator/cmd/update.go:66.17,68.8 1 0
github.com/louiss0/javascript-package-delegator/cmd/update.go:72.16,73.20 1 0
github.com/louiss0/javascript-package-delegator/cmd/update.go:73.20,75.23 2 0
github.com/louiss0/javascript-package-delegator/cmd/update.go:75.23,77.7 1 0
github.com/louiss0/javascript-package-delegator/cmd/update.go:78.11,79.24 1 0
github.com/louiss0/javascript-package-delegator/cmd/update.go:79.24,81.7 1 0
github.com/louiss0/javascript-package-delegator/cmd/update.go:81.12,84.7 2 0
github.com/louiss0/javascript-package-delegator/cmd/update.go:86.5,86.15 1 0
github.com/louiss0/javascript-package-delegator/cmd/update.go:86.15,88.6 1 0
github.com/louiss0/javascript-package-delegator/cmd/update.go:89.5,89.15 1 0
github.com/louiss0/javascript-package-delegator/cmd/update.go:89.15,91.6 1 0
github.com/louiss0/javascript-package-delegator/cmd/update.go:93.16,94.20 1 0
github.com/louiss0/javascript-package-delegator/cmd/update.go:94.20,96.23 2 0
github.com/louiss0/javascript-package-delegator/cmd/update.go:96.23,98.7 1 0
github.com/louiss0/javascript-package-delegator/cmd/update.go:100.11,101.24 1 0
github.com/louiss0/javascript-package-delegator/cmd/update.go:101.24,103.7 1 0
github.com/louiss0/javascript-package-delegator/cmd/update.go:103.12,106.7 2 0
github.com/louiss0/javascript-package-delegator/cmd/update.go:109.5,109.15 1 0
github.com/louiss0/javascript-package-delegator/cmd/update.go:109.15,111.6 1 0
github.com/louiss0/javascript-package-delegator/cmd/update.go:112.5,112.15 1 0
github.com/louiss0/javascript-package-delegator/cmd/update.go:112.15,114.6 1 0
github.com/louiss0/javascript-package-delegator/cmd/update.go:116.15,117.20 1 0
github.com/louiss0/javascript-package-delegator/cmd/update.go:117.20,119.6 1 0
github.com/louiss0/javascript-package-delegator/cmd/update.go:121.5,121.23 1 0
github.com/louiss0/javascript-package-delegator/cmd/update.go:121.23,123.6 1 0
github.com/louiss0/javascript-package-delegator/cmd/update.go:123.11,126.6 2 0
github.com/louiss0/javascript-package-delegator/cmd/update.go:128.5,128.15 1 0
github.com/louiss0/javascript-package-delegator/cmd/update.go:128.15,130.6 1 0
github.com/louiss0/javascript-package-delegator/cmd/update.go:131.5,131.15 1 0
github.com/louiss0/javascript-package-delegator/cmd/update.go:131.15,133.6 1 0
github.com/louiss0/javascript-package-delegator/cmd/update.go:135.16,138.20 2 0
github.com/louiss0/javascript-package-delegator/cmd/update.go:138.20,140.6 1 0
github.com/louiss0/javascript-package-delegator/cmd/update.go:142.5,142.15 1 0
github.com/louiss0/javascript-package-delegator/cmd/update.go:142.15,144.6 1 0
github.com/louiss0/javascript-package-delegator/cmd/update.go:146.5,146.15 1 0
github.com/louiss0/javascript-package-delegator/cmd/update.go:146.15,147.23 1 0
github.com/louiss0/javascript-package-delegator/cmd/update.go:147.23,153.7 2 0
github.com/louiss0/javascript-package-delegator/cmd/update.go:153.12,155.7 1 0
github.com/louiss0/javascript-package-delegator/cmd/update.go:158.12,159.61 1 0
github.com/louiss0/javascript-package-delegator/cmd/update.go:163.4,166.43 3 0
github.com/louiss0/javascript-package-delegator/cmd/update.go:166.43,168.5 1 0
github.com/louiss0/javascript-package-delegator/cmd/update.go:169.4,169.26 1 0
github.com/louiss0/javascript-package-delegator/cmd/update.go:174.2,178.12 4 1
github.com/louiss0/javascript-package-delegator/main.go:26.13,28.2 1 0
